<?xml version="1.0" encoding="UTF-8"?>
<!-- Generated by org.testng.reporters.JUnitReportReporter -->
<testsuite hostname="hp" failures="0" tests="1" name="grid.ReverseAStringUsing5Ways" time="0.009" errors="0" timestamp="2023-09-04T15:23:14 IST" skipped="0">
  <testcase classname="grid.ReverseAStringUsing5Ways" name="stringpro" time="0.009"/>
  <system-out/>
</testsuite> <!-- grid.ReverseAStringUsing5Ways -->
