<?xml version="1.0" encoding="UTF-8"?>
<!-- Generated by org.testng.reporters.JUnitReportReporter -->
<testsuite hostname="hp" failures="0" tests="1" name="collectionsPractice.CollectionsMethod" time="0.006" errors="0" timestamp="2023-09-01T13:02:09 IST" skipped="0">
  <testcase classname="collectionsPractice.CollectionsMethod" name="copyMethod" time="0.006"/>
  <system-out/>
</testsuite> <!-- collectionsPractice.CollectionsMethod -->
